[2026-05-01T10:00:00.100Z] Started by user Acme CI
[2026-05-01T10:00:01.101Z] [Pipeline] Start of Pipeline
[2026-05-01T10:00:02.102Z] [Pipeline] node
[2026-05-01T10:00:03.103Z] Running on built-in-agent in /home/jenkins/workspace/acme_widget_main
[2026-05-01T10:00:04.104Z] [Pipeline] {
[2026-05-01T10:00:05.105Z] [Pipeline] stage
[2026-05-01T10:00:06.106Z] [Pipeline] { (Declarative: Checkout SCM)
[2026-05-01T10:00:07.107Z] [Pipeline] checkout
[2026-05-01T10:00:08.108Z] Checking out Revision 0123abcd (refs/remotes/origin/main)
[2026-05-01T10:00:09.109Z] [Pipeline] }
[2026-05-01T10:00:00.110Z] [Pipeline] stage
[2026-05-01T10:00:01.111Z] [Pipeline] { (Build)
[2026-05-01T10:00:02.112Z] [Pipeline] sh
[2026-05-01T10:00:03.113Z] + cmake --build build --config Release
[2026-05-01T10:00:04.114Z] [100%] Built target widget
[2026-05-01T10:00:05.115Z] [Pipeline] }
[2026-05-01T10:00:06.116Z] [Pipeline] stage
[2026-05-01T10:00:07.117Z] [Pipeline] { (Test)
[2026-05-01T10:00:08.118Z] [Pipeline] sh
[2026-05-01T10:00:09.119Z] + ctest --output-on-failure
[2026-05-01T10:00:00.120Z] 100% tests passed, 0 tests failed out of 42
[2026-05-01T10:00:01.121Z] [Pipeline] }
[2026-05-01T10:00:02.122Z] [Pipeline] End of Pipeline
[2026-05-01T10:00:03.123Z] Finished: SUCCESS
