INFO request GET /api/orders 200 23ms
ERROR payment gateway timeout after 3000ms (txn 99899)
INFO order completed total=12
INFO request POST /api/checkout 200 68ms
INFO request GET /api/cart 200 11ms
INFO request GET /api/products 200 8ms
INFO request POST /api/payments 200 23ms
INFO request GET /api/user/profile 200 6ms
INFO request GET /healthz 200 65ms
INFO request GET /api/orders 200 50ms
INFO request POST /api/checkout 200 33ms
INFO request GET /api/cart 200 64ms
INFO request GET /api/products 200 53ms
INFO order completed total=438
INFO request POST /api/payments 200 63ms
INFO request GET /api/user/profile 200 48ms
ERROR payment gateway timeout after 3000ms (txn 95996)
INFO request GET /healthz 200 52ms
INFO request GET /api/orders 200 49ms
INFO request POST /api/checkout 200 40ms
INFO request GET /api/cart 200 51ms
INFO request GET /api/products 200 4ms
INFO request POST /api/payments 200 31ms
INFO request GET /api/user/profile 200 32ms
INFO request GET /healthz 200 71ms
INFO order completed total=49
INFO request GET /api/orders 200 79ms
INFO request POST /api/checkout 200 70ms
INFO request GET /api/cart 200 9ms
INFO request GET /api/products 200 70ms
ERROR payment gateway timeout after 3000ms (txn 77706)
INFO request POST /api/payments 200 16ms
INFO request GET /api/user/profile 200 65ms
INFO request GET /healthz 200 60ms
INFO request GET /api/orders 200 35ms
INFO request POST /api/checkout 200 18ms
INFO request GET /api/cart 200 19ms
INFO order completed total=475
INFO request GET /api/products 200 45ms
INFO request POST /api/payments 200 24ms
INFO request GET /api/user/profile 200 63ms
INFO request GET /healthz 200 28ms
INFO request GET /api/orders 200 11ms
INFO request POST /api/checkout 200 6ms
ERROR payment gateway timeout after 3000ms (txn 83688)
INFO request GET /api/cart 200 76ms
INFO request GET /api/products 200 29ms
INFO request POST /api/payments 200 32ms
INFO request GET /api/user/profile 200 43ms
INFO order completed total=242
INFO request GET /healthz 200 77ms
INFO request GET /api/orders 200 36ms
INFO request POST /api/checkout 200 57ms
INFO request GET /api/cart 200 32ms
INFO request GET /api/products 200 33ms
INFO request POST /api/payments 200 42ms
INFO request GET /api/user/profile 200 7ms
INFO request GET /healthz 200 14ms
ERROR payment gateway timeout after 3000ms (txn 48390)
INFO request GET /api/orders 200 76ms
INFO request POST /api/checkout 200 15ms
INFO order completed total=468
INFO request GET /api/cart 200 45ms
INFO request GET /api/products 200 56ms
INFO request POST /api/payments 200 59ms
INFO request GET /api/user/profile 200 72ms
INFO request GET /healthz 200 19ms
INFO request GET /api/orders 200 16ms
INFO request POST /api/checkout 200 5ms
INFO request GET /api/cart 200 6ms
INFO request GET /api/products 200 67ms
INFO request POST /api/payments 200 4ms
ERROR payment gateway timeout after 3000ms (txn 79652)
INFO order completed total=124
INFO request GET /api/user/profile 200 33ms
INFO request GET /healthz 200 54ms
INFO request GET /api/orders 200 55ms
INFO request POST /api/checkout 200 22ms
INFO request GET /api/cart 200 29ms
INFO request GET /api/products 200 6ms
INFO request POST /api/payments 200 11ms
INFO request GET /api/user/profile 200 62ms
INFO request GET /healthz 200 31ms
INFO request GET /api/orders 200 80ms
INFO order completed total=425
INFO request POST /api/checkout 200 40ms
INFO request GET /api/cart 200 75ms
ERROR payment gateway timeout after 3000ms (txn 59241)
INFO request GET /api/products 200 49ms
INFO request POST /api/payments 200 48ms
INFO request GET /api/user/profile 200 5ms
INFO request GET /healthz 200 52ms
INFO request GET /api/orders 200 55ms
INFO request POST /api/checkout 200 26ms
INFO request GET /api/cart 200 57ms
INFO request GET /api/products 200 70ms
INFO order completed total=95
INFO request POST /api/payments 200 78ms
INFO request GET /api/user/profile 200 59ms
INFO request GET /healthz 200 80ms
INFO request GET /api/orders 200 55ms
ERROR payment gateway timeout after 3000ms (txn 82495)
INFO request POST /api/checkout 200 49ms
INFO request GET /api/cart 200 36ms
INFO request GET /api/products 200 7ms
INFO request POST /api/payments 200 78ms
INFO request GET /api/user/profile 200 21ms
INFO request GET /healthz 200 8ms
INFO order completed total=136
INFO request GET /api/orders 200 46ms
INFO request POST /api/checkout 200 67ms
INFO request GET /api/cart 200 48ms
INFO request GET /api/products 200 71ms
INFO request POST /api/payments 200 54ms
