INFO request GET /api/orders 200 6ms
ERROR payment gateway timeout after 3000ms (txn 81828)
INFO request POST /api/checkout 200 68ms
INFO request GET /api/cart 200 71ms
INFO request GET /api/products 200 58ms
INFO request POST /api/payments 200 79ms
INFO request GET /api/user/profile 200 64ms
INFO request GET /healthz 200 65ms
INFO request GET /api/orders 200 64ms
INFO request POST /api/checkout 200 39ms
INFO request GET /api/cart 200 62ms
INFO request GET /api/products 200 27ms
INFO request POST /api/payments 200 54ms
INFO request GET /api/user/profile 200 47ms
ERROR payment gateway timeout after 3000ms (txn 26271)
INFO request GET /healthz 200 13ms
INFO request GET /api/orders 200 66ms
INFO request POST /api/checkout 200 71ms
INFO request GET /api/cart 200 28ms
INFO request GET /api/products 200 55ms
INFO request POST /api/payments 200 54ms
INFO request GET /api/user/profile 200 25ms
INFO request GET /healthz 200 18ms
INFO request GET /api/orders 200 59ms
INFO request POST /api/checkout 200 12ms
INFO request GET /api/cart 200 55ms
INFO request GET /api/products 200 36ms
ERROR payment gateway timeout after 3000ms (txn 96254)
INFO request POST /api/payments 200 4ms
INFO request GET /api/user/profile 200 47ms
INFO request GET /healthz 200 34ms
INFO request GET /api/orders 200 79ms
INFO request POST /api/checkout 200 54ms
INFO request GET /api/cart 200 45ms
INFO request GET /api/products 200 58ms
INFO request POST /api/payments 200 41ms
INFO request GET /api/user/profile 200 36ms
INFO request GET /healthz 200 33ms
INFO request GET /api/orders 200 66ms
INFO request POST /api/checkout 200 61ms
ERROR payment gateway timeout after 3000ms (txn 67233)
INFO request GET /api/cart 200 33ms
INFO request GET /api/products 200 56ms
INFO request POST /api/payments 200 53ms
INFO request GET /api/user/profile 200 26ms
INFO request GET /healthz 200 35ms
INFO request GET /api/orders 200 46ms
INFO request POST /api/checkout 200 43ms
INFO request GET /api/cart 200 66ms
INFO request GET /api/products 200 31ms
INFO request POST /api/payments 200 20ms
INFO request GET /api/user/profile 200 39ms
INFO request GET /healthz 200 12ms
ERROR payment gateway timeout after 3000ms (txn 10360)
INFO request GET /api/orders 200 36ms
INFO request POST /api/checkout 200 49ms
INFO request GET /api/cart 200 4ms
INFO request GET /api/products 200 57ms
INFO request POST /api/payments 200 44ms
INFO request GET /api/user/profile 200 45ms
INFO request GET /healthz 200 18ms
INFO request GET /api/orders 200 55ms
INFO request POST /api/checkout 200 34ms
INFO request GET /api/cart 200 45ms
INFO request GET /api/products 200 42ms
INFO request POST /api/payments 200 9ms
ERROR payment gateway timeout after 3000ms (txn 41459)
INFO request GET /api/user/profile 200 43ms
INFO request GET /healthz 200 70ms
INFO request GET /api/orders 200 51ms
INFO request POST /api/checkout 200 56ms
INFO request GET /api/cart 200 67ms
INFO request GET /api/products 200 70ms
INFO request POST /api/payments 200 55ms
INFO request GET /api/user/profile 200 80ms
INFO request GET /healthz 200 63ms
INFO request GET /api/orders 200 74ms
INFO request POST /api/checkout 200 37ms
INFO request GET /api/cart 200 64ms
ERROR payment gateway timeout after 3000ms (txn 22914)
INFO request GET /api/products 200 34ms
INFO request POST /api/payments 200 77ms
INFO request GET /api/user/profile 200 42ms
INFO request GET /healthz 200 29ms
INFO request GET /api/orders 200 76ms
INFO request POST /api/checkout 200 43ms
INFO request GET /api/cart 200 68ms
INFO request GET /api/products 200 77ms
INFO request POST /api/payments 200 60ms
INFO request GET /api/user/profile 200 77ms
INFO request GET /healthz 200 60ms
INFO request GET /api/orders 200 17ms
ERROR payment gateway timeout after 3000ms (txn 49813)
INFO request POST /api/checkout 200 57ms
INFO request GET /api/cart 200 64ms
INFO request GET /api/products 200 23ms
INFO request POST /api/payments 200 26ms
INFO request GET /api/user/profile 200 5ms
INFO request GET /healthz 200 68ms
INFO request GET /api/orders 200 29ms
INFO request POST /api/checkout 200 42ms
INFO request GET /api/cart 200 63ms
INFO request GET /api/products 200 34ms
INFO request POST /api/payments 200 45ms
