INFO request GET /api/orders 200 23ms
ERROR payment gateway timeout after 3000ms (txn 99899)
INFO order completed total=$12
INFO request POST /api/checkout 200 68ms
INFO request GET /api/cart 200 11ms
INFO request GET /api/products 200 8ms
INFO request POST /api/payments 200 23ms
INFO order completed total=$250
INFO request GET /api/user/profile 200 65ms
INFO request GET /healthz 200 50ms
INFO request GET /api/orders 200 33ms
INFO request POST /api/checkout 200 64ms
INFO order completed total=$212
INFO request GET /api/cart 200 42ms
INFO request GET /api/products 200 63ms
INFO request POST /api/payments 200 48ms
INFO request GET /api/user/profile 200 61ms
ERROR payment gateway timeout after 3000ms (txn 14315)
INFO order completed total=$285
INFO request GET /healthz 200 40ms
INFO request GET /api/orders 200 51ms
INFO request POST /api/checkout 200 4ms
INFO request GET /api/cart 200 31ms
INFO order completed total=$247
INFO request GET /api/products 200 71ms
INFO request POST /api/payments 200 24ms
INFO request GET /api/user/profile 200 79ms
INFO request GET /healthz 200 70ms
INFO order completed total=$263
INFO request GET /api/orders 200 70ms
INFO request POST /api/checkout 200 71ms
INFO request GET /api/cart 200 16ms
INFO request GET /api/products 200 65ms
ERROR payment gateway timeout after 3000ms (txn 47371)
INFO order completed total=$21
INFO request POST /api/payments 200 18ms
INFO request GET /api/user/profile 200 19ms
INFO request GET /healthz 200 16ms
INFO request GET /api/orders 200 45ms
INFO order completed total=$228
INFO request POST /api/checkout 200 63ms
INFO request GET /api/cart 200 28ms
INFO request GET /api/products 200 11ms
INFO request POST /api/payments 200 6ms
INFO order completed total=$70
INFO request GET /api/user/profile 200 76ms
INFO request GET /healthz 200 29ms
INFO request GET /api/orders 200 32ms
INFO request POST /api/checkout 200 43ms
ERROR payment gateway timeout after 3000ms (txn 92747)
INFO order completed total=$217
INFO request GET /api/cart 200 36ms
INFO request GET /api/products 200 57ms
INFO request POST /api/payments 200 32ms
INFO request GET /api/user/profile 200 33ms
INFO order completed total=$32
INFO request GET /healthz 200 7ms
INFO request GET /api/orders 200 14ms
INFO request POST /api/checkout 200 35ms
INFO request GET /api/cart 200 76ms
INFO order completed total=$286
INFO request GET /api/products 200 4ms
INFO request POST /api/payments 200 45ms
INFO request GET /api/user/profile 200 56ms
INFO request GET /healthz 200 59ms
ERROR payment gateway timeout after 3000ms (txn 35227)
INFO order completed total=$468
INFO request GET /api/orders 200 16ms
INFO request POST /api/checkout 200 5ms
INFO request GET /api/cart 200 6ms
INFO request GET /api/products 200 67ms
INFO order completed total=$267
INFO request POST /api/payments 200 31ms
INFO request GET /api/user/profile 200 8ms
INFO request GET /healthz 200 33ms
INFO request GET /api/orders 200 54ms
INFO order completed total=$51
INFO request POST /api/checkout 200 22ms
INFO request GET /api/cart 200 29ms
INFO request GET /api/products 200 6ms
INFO request POST /api/payments 200 11ms
ERROR payment gateway timeout after 3000ms (txn 38043)
INFO order completed total=$204
INFO request GET /api/user/profile 200 80ms
INFO request GET /healthz 200 49ms
INFO request GET /api/orders 200 40ms
INFO request POST /api/checkout 200 75ms
INFO order completed total=$374
INFO request GET /api/cart 200 49ms
INFO request GET /api/products 200 48ms
INFO request POST /api/payments 200 5ms
INFO request GET /api/user/profile 200 52ms
INFO order completed total=$188
INFO request GET /healthz 200 26ms
INFO request GET /api/orders 200 57ms
INFO request POST /api/checkout 200 70ms
INFO request GET /api/cart 200 79ms
ERROR payment gateway timeout after 3000ms (txn 57259)
INFO order completed total=$295
INFO request GET /api/products 200 80ms
INFO request POST /api/payments 200 55ms
INFO request GET /api/user/profile 200 12ms
INFO request GET /healthz 200 49ms
INFO order completed total=$277
INFO request GET /api/orders 200 7ms
INFO request POST /api/checkout 200 78ms
INFO request GET /api/cart 200 21ms
INFO request GET /api/products 200 8ms
INFO order completed total=$136
INFO request POST /api/payments 200 46ms
INFO request GET /api/user/profile 200 67ms
INFO request GET /healthz 200 48ms
INFO request GET /api/orders 200 71ms
ERROR payment gateway timeout after 3000ms (txn 52891)
INFO order completed total=$103
INFO request POST /api/checkout 200 44ms
INFO request GET /api/cart 200 27ms
INFO request GET /api/products 200 80ms
INFO request POST /api/payments 200 53ms
INFO order completed total=$352
INFO request GET /api/user/profile 200 31ms
INFO request GET /healthz 200 52ms
INFO request GET /api/orders 200 51ms
INFO request POST /api/checkout 200 62ms
INFO order completed total=$42
INFO request GET /api/cart 200 50ms
INFO request GET /api/products 200 11ms
INFO request POST /api/payments 200 42ms
