INFO request GET /api/orders 200 45ms
INFO request GET /api/search 200 33ms
INFO request POST /api/checkout 200 52ms
INFO request GET /api/cart 200 49ms
INFO request GET /api/products 200 72ms
INFO request POST /api/payments 200 27ms
INFO request GET /api/search 200 7ms
INFO request GET /api/user/profile 200 28ms
INFO request GET /healthz 200 13ms
INFO request GET /api/orders 200 68ms
INFO request POST /api/checkout 200 55ms
INFO request GET /api/search 200 3ms
INFO request GET /api/cart 200 56ms
INFO request GET /api/products 200 15ms
INFO request POST /api/payments 200 34ms
INFO request GET /api/user/profile 200 63ms
INFO request GET /api/search 200 79ms
INFO request GET /healthz 200 46ms
INFO request GET /api/orders 200 61ms
INFO request POST /api/checkout 200 8ms
INFO request GET /api/cart 200 31ms
INFO request GET /api/search 200 49ms
INFO request GET /api/products 200 44ms
INFO request POST /api/payments 200 77ms
INFO request GET /api/user/profile 200 24ms
INFO request GET /healthz 200 75ms
INFO request GET /api/search 200 43ms
INFO request GET /api/orders 200 8ms
INFO request POST /api/checkout 200 3ms
INFO request GET /api/cart 200 42ms
INFO request GET /api/products 200 75ms
INFO request GET /api/search 200 31ms
INFO request POST /api/payments 200 20ms
INFO request GET /api/user/profile 200 29ms
INFO request GET /healthz 200 38ms
INFO request GET /api/orders 200 23ms
INFO request GET /api/search 200 19ms
INFO request POST /api/checkout 200 72ms
INFO request GET /api/cart 200 41ms
INFO request GET /api/products 200 76ms
INFO request POST /api/payments 200 33ms
INFO request GET /api/search 200 19ms
INFO request GET /api/user/profile 200 20ms
INFO request GET /healthz 200 67ms
INFO request GET /api/orders 200 16ms
INFO request POST /api/checkout 200 61ms
INFO request GET /api/search 200 79ms
INFO request GET /api/cart 200 78ms
INFO request GET /api/products 200 53ms
INFO request POST /api/payments 200 36ms
INFO request GET /api/user/profile 200 21ms
INFO request GET /api/search 200 23ms
INFO request GET /healthz 200 12ms
INFO request GET /api/orders 200 3ms
INFO request POST /api/checkout 200 80ms
INFO request GET /api/cart 200 67ms
INFO request GET /api/search 200 79ms
INFO request GET /api/products 200 74ms
INFO request POST /api/payments 200 67ms
INFO request GET /api/user/profile 200 52ms
INFO request GET /healthz 200 53ms
INFO request GET /api/search 200 71ms
INFO request GET /api/orders 200 72ms
INFO request POST /api/checkout 200 15ms
INFO request GET /api/cart 200 30ms
INFO request GET /api/products 200 77ms
INFO request GET /api/search 200 35ms
INFO request POST /api/payments 200 36ms
INFO request GET /api/user/profile 200 75ms
INFO request GET /healthz 200 56ms
INFO request GET /api/orders 200 25ms
INFO request GET /api/search 200 39ms
INFO request POST /api/checkout 200 78ms
INFO request GET /api/cart 200 71ms
INFO request GET /api/products 200 6ms
INFO request POST /api/payments 200 37ms
INFO request GET /api/search 200 33ms
INFO request GET /api/user/profile 200 32ms
INFO request GET /healthz 200 49ms
INFO request GET /api/orders 200 54ms
INFO request POST /api/checkout 200 73ms
INFO request GET /api/search 200 55ms
INFO request GET /api/cart 200 34ms
INFO request GET /api/products 200 7ms
INFO request POST /api/payments 200 36ms
INFO request GET /api/user/profile 200 75ms
INFO request GET /api/search 200 39ms
INFO request GET /healthz 200 32ms
INFO request GET /api/orders 200 63ms
INFO request POST /api/checkout 200 46ms
INFO request GET /api/cart 200 37ms
INFO request GET /api/search 200 23ms
INFO request GET /api/products 200 62ms
INFO request POST /api/payments 200 19ms
INFO request GET /api/user/profile 200 74ms
INFO request GET /healthz 200 39ms
INFO request GET /api/search 200 21ms
INFO request GET /api/orders 200 20ms
INFO request POST /api/checkout 200 39ms
INFO request GET /api/cart 200 10ms
INFO request GET /api/products 200 71ms
INFO request GET /api/search 200 71ms
INFO request POST /api/payments 200 66ms
INFO request GET /api/user/profile 200 15ms
INFO request GET /healthz 200 6ms
INFO request GET /api/orders 200 11ms
INFO request GET /api/search 200 19ms
INFO request POST /api/checkout 200 48ms
INFO request GET /api/cart 200 3ms
INFO request GET /api/products 200 78ms
INFO request POST /api/payments 200 55ms
INFO request GET /api/search 200 53ms
INFO request GET /api/user/profile 200 14ms
INFO request GET /healthz 200 49ms
INFO request GET /api/orders 200 44ms
INFO request POST /api/checkout 200 39ms
INFO request GET /api/search 200 67ms
INFO request GET /api/cart 200 4ms
INFO request GET /api/products 200 67ms
INFO request POST /api/payments 200 26ms
