INFO request GET /api/orders 200 6ms
INFO request GET /api/search 200 20ms
INFO request POST /api/checkout 200 33ms
INFO request GET /api/cart 200 18ms
INFO request GET /api/products 200 9ms
INFO request POST /api/payments 200 68ms
INFO request GET /api/search 500 6ms
INFO request GET /api/user/profile 200 17ms
INFO request GET /healthz 200 42ms
INFO request GET /api/orders 200 31ms
INFO request POST /api/checkout 200 56ms
INFO request GET /api/search 500 62ms
INFO request GET /api/cart 200 77ms
INFO request GET /api/products 200 42ms
INFO request POST /api/payments 200 75ms
INFO request GET /api/user/profile 200 42ms
INFO request GET /api/search 500 26ms
INFO request GET /healthz 200 67ms
INFO request GET /api/orders 200 48ms
INFO request POST /api/checkout 200 35ms
INFO request GET /api/cart 200 50ms
INFO request GET /api/search 200 6ms
INFO request GET /api/products 200 3ms
INFO request POST /api/payments 200 72ms
INFO request GET /api/user/profile 200 79ms
INFO request GET /healthz 200 16ms
INFO request GET /api/search 500 54ms
INFO request GET /api/orders 200 71ms
INFO request POST /api/checkout 200 26ms
INFO request GET /api/cart 200 65ms
INFO request GET /api/products 200 14ms
INFO request GET /api/search 500 74ms
INFO request POST /api/payments 200 35ms
INFO request GET /api/user/profile 200 62ms
INFO request GET /healthz 200 65ms
INFO request GET /api/orders 200 12ms
INFO request GET /api/search 200 34ms
INFO request POST /api/checkout 200 31ms
INFO request GET /api/cart 200 58ms
INFO request GET /api/products 200 9ms
INFO request POST /api/payments 200 56ms
INFO request GET /api/search 500 40ms
INFO request GET /api/user/profile 200 23ms
INFO request GET /healthz 200 22ms
INFO request GET /api/orders 200 47ms
INFO request POST /api/checkout 200 64ms
INFO request GET /api/search 200 20ms
INFO request GET /api/cart 200 43ms
INFO request GET /api/products 200 62ms
INFO request POST /api/payments 200 5ms
INFO request GET /api/user/profile 200 24ms
INFO request GET /api/search 500 12ms
INFO request GET /healthz 200 57ms
INFO request GET /api/orders 200 64ms
INFO request POST /api/checkout 200 73ms
INFO request GET /api/cart 200 52ms
INFO request GET /api/search 500 10ms
INFO request GET /api/products 200 19ms
INFO request POST /api/payments 200 56ms
INFO request GET /api/user/profile 200 15ms
INFO request GET /healthz 200 36ms
INFO request GET /api/search 500 62ms
INFO request GET /api/orders 200 3ms
INFO request POST /api/checkout 200 56ms
INFO request GET /api/cart 200 45ms
INFO request GET /api/products 200 34ms
INFO request GET /api/search 500 58ms
INFO request POST /api/payments 200 73ms
INFO request GET /api/user/profile 200 8ms
INFO request GET /healthz 200 5ms
INFO request GET /api/orders 200 52ms
INFO request GET /api/search 200 32ms
INFO request POST /api/checkout 200 57ms
INFO request GET /api/cart 200 26ms
INFO request GET /api/products 200 35ms
INFO request POST /api/payments 200 36ms
INFO request GET /api/search 200 50ms
INFO request GET /api/user/profile 200 7ms
INFO request GET /healthz 200 56ms
INFO request GET /api/orders 200 7ms
INFO request POST /api/checkout 200 20ms
INFO request GET /api/search 500 42ms
INFO request GET /api/cart 200 61ms
INFO request GET /api/products 200 72ms
INFO request POST /api/payments 200 9ms
INFO request GET /api/user/profile 200 60ms
INFO request GET /api/search 200 16ms
INFO request GET /healthz 200 9ms
INFO request GET /api/orders 200 34ms
INFO request POST /api/checkout 200 15ms
INFO request GET /api/cart 200 34ms
INFO request GET /api/search 200 40ms
INFO request GET /api/products 200 69ms
INFO request POST /api/payments 200 60ms
INFO request GET /api/user/profile 200 17ms
INFO request GET /healthz 200 30ms
INFO request GET /api/search 500 74ms
INFO request GET /api/orders 200 57ms
INFO request POST /api/checkout 200 60ms
INFO request GET /api/cart 200 27ms
INFO request GET /api/products 200 24ms
INFO request GET /api/search 500 42ms
INFO request POST /api/payments 200 51ms
INFO request GET /api/user/profile 200 74ms
INFO request GET /healthz 200 23ms
INFO request GET /api/orders 200 78ms
INFO request GET /api/search 200 22ms
INFO request POST /api/checkout 200 17ms
INFO request GET /api/cart 200 14ms
INFO request GET /api/products 200 63ms
INFO request POST /api/payments 200 44ms
INFO request GET /api/search 500 26ms
INFO request GET /api/user/profile 200 55ms
INFO request GET /healthz 200 32ms
INFO request GET /api/orders 200 57ms
INFO request POST /api/checkout 200 6ms
INFO request GET /api/search 200 76ms
INFO request GET /api/cart 200 37ms
INFO request GET /api/products 200 58ms
INFO request POST /api/payments 200 7ms
